<?xml version="1.0" encoding="UTF-8"?>
<!-- Generated by org.testng.reporters.JUnitReportReporter -->
<testsuite hostname="LAPTOP-LEV1OLKR" failures="0" tests="1" name="Testcases.TC_001_AccountRegistratioin" time="1.963" errors="0" timestamp="2023-08-31T21:00:17 IST" skipped="0">
  <testcase classname="Testcases.TC_001_AccountRegistratioin" name="test_account_registration" time="1.963"/>
</testsuite> <!-- Testcases.TC_001_AccountRegistratioin -->
