<?xml version="1.0" encoding="UTF-8"?>
<!-- Generated by org.testng.reporters.JUnitReportReporter -->
<testsuite hostname="LAPTOP-LEV1OLKR" failures="0" tests="1" name="Testcases.TC_002_LoginTest" time="1.020" errors="0" timestamp="2023-09-01T20:47:10 IST" skipped="0">
  <testcase classname="Testcases.TC_002_LoginTest" name="test_Login" time="1.020"/>
</testsuite> <!-- Testcases.TC_002_LoginTest -->
